<?xml version="1.0" encoding="UTF-8"?>
<testsuites name="bun test" tests="16" assertions="50" failures="0" skipped="0" time="0.288065">
  <testsuite name="src/stores/appStore.test.ts" tests="4" assertions="21" failures="0" skipped="0" time="0.003" hostname="ankushpc.local">
    <testcase name="executeQuery auto-connects and persists successful history" classname="appStore critical flows" time="0.003171" file="src/stores/appStore.test.ts" assertions="6" />
    <testcase name="executeQuery captures failure path and history" classname="appStore critical flows" time="0.000993" file="src/stores/appStore.test.ts" assertions="4" />
    <testcase name="add/remove SQL cells keeps selection valid" classname="appStore critical flows" time="0.000628" file="src/stores/appStore.test.ts" assertions="5" />
    <testcase name="open/rename/delete saved results updates tabs and lists" classname="appStore critical flows" time="0.000428" file="src/stores/appStore.test.ts" assertions="6" />
  </testsuite>
  <testsuite name="src/lib/typeHandlers.test.ts" tests="6" assertions="16" failures="0" skipped="0" time="0.001" hostname="ankushpc.local">
    <testcase name="detects JSON types only for databases with native support" classname="typeHandlers" time="0.000242" file="src/lib/typeHandlers.test.ts" assertions="3" />
    <testcase name="detects json-like values and generates previews" classname="typeHandlers" time="0.000206" file="src/lib/typeHandlers.test.ts" assertions="4" />
    <testcase name="parses composite type strings with nested tuples" classname="typeHandlers" time="0.001122" file="src/lib/typeHandlers.test.ts" assertions="1" />
    <testcase name="recognizes backend composite objects" classname="typeHandlers" time="0.000042" file="src/lib/typeHandlers.test.ts" assertions="2" />
    <testcase name="handles array typing and previews" classname="typeHandlers" time="0.000049" file="src/lib/typeHandlers.test.ts" assertions="3" />
    <testcase name="returns special handler for json values on supported dialects" classname="typeHandlers" time="0.000052" file="src/lib/typeHandlers.test.ts" assertions="3" />
  </testsuite>
  <testsuite name="src/ai/tools/queryTools.test.ts" tests="4" assertions="8" failures="0" skipped="0" time="0.001" hostname="ankushpc.local">
    <testcase name="execute_readonly_sql requires approval and returns denial message" classname="query tools" time="0.000284" file="src/ai/tools/queryTools.test.ts" assertions="2" />
    <testcase name="execute_readonly_sql throws when connection is not active" classname="query tools" time="0.000301" file="src/ai/tools/queryTools.test.ts" assertions="1" />
    <testcase name="read_results paginates active result tab rows" classname="query tools" time="0.001101" file="src/ai/tools/queryTools.test.ts" assertions="3" />
    <testcase name="lint_sql_safety reports high risk for write queries" classname="query tools" time="0.000777" file="src/ai/tools/queryTools.test.ts" assertions="2" />
  </testsuite>
  <testsuite name="src/ai/tools/schemaTools.test.ts" tests="2" assertions="5" failures="0" skipped="0" time="0" hostname="ankushpc.local">
    <testcase name="finds a join path via foreign keys" classname="schema tools" time="0.000773" file="src/ai/tools/schemaTools.test.ts" assertions="3" />
    <testcase name="returns a not-found response when no path exists" classname="schema tools" time="0.00006" file="src/ai/tools/schemaTools.test.ts" assertions="2" />
  </testsuite>
</testsuites>
