<?xml version="1.0" encoding="UTF-8"?>
<testsuites>
  <testsuite name="rust-unit" tests="15" failures="0" skipped="0" time="0.000">
    <testcase name="db::connection::tests::builds_postgres_connection_string_with_defaults" classname="rust-unit" time="0.000"></testcase><testcase name="db::connection::tests::builds_mysql_connection_string_with_defaults" classname="rust-unit" time="0.000"></testcase><testcase name="db::schema::tests::parses_mysql_enum_values" classname="rust-unit" time="0.000"></testcase><testcase name="db::schema::tests::parses_mysql_set_values" classname="rust-unit" time="0.000"></testcase><testcase name="db::schema::tests::parses_postgres_function_arguments_with_modes_and_defaults" classname="rust-unit" time="0.000"></testcase><testcase name="tests::escape_csv_quotes_commas_and_newlines" classname="rust-unit" time="0.000"></testcase><testcase name="tests::get_env_var_enforces_allowlist" classname="rust-unit" time="0.000"></testcase><testcase name="db::connection::tests::sqlite_connection_lifecycle_works" classname="rust-unit" time="0.000"></testcase><testcase name="storage::history::tests::add_history_entry_keeps_latest_50" classname="rust-unit" time="0.000"></testcase><testcase name="storage::chats::tests::chat_sessions_roundtrip_and_sorting" classname="rust-unit" time="0.000"></testcase><testcase name="storage::scripts::tests::get_script_migrates_legacy_sql_file" classname="rust-unit" time="0.000"></testcase><testcase name="storage::saved_results::tests::saved_result_roundtrip_and_rename_delete" classname="rust-unit" time="0.000"></testcase><testcase name="storage::scripts::tests::update_script_normalizes_empty_sheet_and_selection" classname="rust-unit" time="0.000"></testcase><testcase name="storage::tabs::tests::tabs_roundtrip_persists_state" classname="rust-unit" time="0.000"></testcase><testcase name="tests::tauri_ipc_sqlite_smoke_flow" classname="rust-unit" time="0.000"></testcase>
  </testsuite>
</testsuites>
